<?xml version="1.0" encoding="UTF-8"?>
<!-- Generated by org.testng.reporters.JUnitXMLReporter -->
<testsuite ignored="0" hostname="DESKTOP-CE4NKRB" failures="1" tests="8" name="Test" time="66.888" errors="0" timestamp="04 Jun 2024 04:57:35 GMT">
  <testcase classname="com.HMS.LifeLink.DoctorTest" name="Doctor_AddMedicalHistoryTest" time="16.367"/>
  <testcase classname="com.HMS.LifeLink.DoctorTest" name="Doctor_Cancel_appointmentHistoryTest" time="21.655">
    <failure type="org.openqa.selenium.NoSuchElementException" message="no such element: Unable to locate element: {&amp;quot;method&amp;quot;:&amp;quot;xpath&amp;quot;,&amp;quot;selector&amp;quot;:&amp;quot;//td[@class=&amp;apos;hidden-xs&amp;apos;]/../../tr/td[8]/div/a&amp;quot;}
  (Session info: chrome=125.0.6422.142)
For documentation on this error, please visit: https://selenium.dev/exceptions/#no_such_element
Build info: version: &amp;apos;4.8.3&amp;apos;, revision: &amp;apos;e5e76298c3&amp;apos;
System info: os.name: &amp;apos;Windows 10&amp;apos;, os.arch: &amp;apos;amd64&amp;apos;, os.version: &amp;apos;10.0&amp;apos;, java.version: &amp;apos;17.0.1&amp;apos;
Driver info: org.openqa.selenium.chrome.ChromeDriver
Command: [e4a65734fafedbf738517a7f13b0892e, findElement {using=xpath, value=//td[@class=&amp;apos;hidden-xs&amp;apos;]/../../tr/td[8]/div/a}]
Capabilities {acceptInsecureCerts: false, browserName: chrome, browserVersion: 125.0.6422.142, chrome: {chromedriverVersion: 125.0.6422.141 (4b1e8393712..., userDataDir: C:\Users\SHH\AppData\Local\...}, fedcm:accounts: true, goog:chromeOptions: {debuggerAddress: localhost:58499}, networkConnectionEnabled: false, pageLoadStrategy: normal, platformName: WINDOWS, proxy: Proxy(), se:cdp: ws://localhost:58499/devtoo..., se:cdpVersion: 125.0.6422.142, setWindowRect: true, strictFileInteractability: false, timeouts: {implicit: 0, pageLoad: 300000, script: 30000}, unhandledPromptBehavior: dismiss and notify, webauthn:extension:credBlob: true, webauthn:extension:largeBlob: true, webauthn:extension:minPinLength: true, webauthn:extension:prf: true, webauthn:virtualAuthenticators: true}
Session ID: e4a65734fafedbf738517a7f13b0892e">
      <![CDATA[org.openqa.selenium.NoSuchElementException: no such element: Unable to locate element: {"method":"xpath","selector":"//td[@class='hidden-xs']/../../tr/td[8]/div/a"}
  (Session info: chrome=125.0.6422.142)
For documentation on this error, please visit: https://selenium.dev/exceptions/#no_such_element
Build info: version: '4.8.3', revision: 'e5e76298c3'
System info: os.name: 'Windows 10', os.arch: 'amd64', os.version: '10.0', java.version: '17.0.1'
Driver info: org.openqa.selenium.chrome.ChromeDriver
Command: [e4a65734fafedbf738517a7f13b0892e, findElement {using=xpath, value=//td[@class='hidden-xs']/../../tr/td[8]/div/a}]
Capabilities {acceptInsecureCerts: false, browserName: chrome, browserVersion: 125.0.6422.142, chrome: {chromedriverVersion: 125.0.6422.141 (4b1e8393712..., userDataDir: C:\Users\SHH\AppData\Local\...}, fedcm:accounts: true, goog:chromeOptions: {debuggerAddress: localhost:58499}, networkConnectionEnabled: false, pageLoadStrategy: normal, platformName: WINDOWS, proxy: Proxy(), se:cdp: ws://localhost:58499/devtoo..., se:cdpVersion: 125.0.6422.142, setWindowRect: true, strictFileInteractability: false, timeouts: {implicit: 0, pageLoad: 300000, script: 30000}, unhandledPromptBehavior: dismiss and notify, webauthn:extension:credBlob: true, webauthn:extension:largeBlob: true, webauthn:extension:minPinLength: true, webauthn:extension:prf: true, webauthn:virtualAuthenticators: true}
Session ID: e4a65734fafedbf738517a7f13b0892e
at org.openqa.selenium.remote.codec.w3c.W3CHttpResponseCodec.createException(W3CHttpResponseCodec.java:200)
at org.openqa.selenium.remote.codec.w3c.W3CHttpResponseCodec.decode(W3CHttpResponseCodec.java:133)
at org.openqa.selenium.remote.codec.w3c.W3CHttpResponseCodec.decode(W3CHttpResponseCodec.java:53)
at org.openqa.selenium.remote.HttpCommandExecutor.execute(HttpCommandExecutor.java:193)
at org.openqa.selenium.remote.service.DriverCommandExecutor.invokeExecute(DriverCommandExecutor.java:183)
at org.openqa.selenium.remote.service.DriverCommandExecutor.execute(DriverCommandExecutor.java:158)
at org.openqa.selenium.remote.RemoteWebDriver.execute(RemoteWebDriver.java:543)
at org.openqa.selenium.remote.ElementLocation$ElementFinder$2.findElement(ElementLocation.java:162)
at org.openqa.selenium.remote.ElementLocation.findElement(ElementLocation.java:60)
at org.openqa.selenium.remote.RemoteWebDriver.findElement(RemoteWebDriver.java:352)
at org.openqa.selenium.remote.RemoteWebDriver.findElement(RemoteWebDriver.java:344)
at com.HMS.LifeLink.DoctorTest.Doctor_Cancel_appointmentHistoryTest(DoctorTest.java:45)
... Removed 30 stack frames]]>
    </failure>
  </testcase> <!-- Doctor_Cancel_appointmentHistoryTest -->
  <testcase classname="com.HMS.LifeLink.DoctorTest" name="Doctor__appointmentHistoryTest" time="1.849"/>
  <testcase classname="com.HMS.LifeLink.DoctorTest" name="Doctor_addPatientTest" time="4.646"/>
  <testcase classname="com.HMS.LifeLink.DoctorTest" name="Doctor_editpatientDetailes" time="4.128"/>
  <testcase classname="com.HMS.LifeLink.DoctorTest" name="Doctor_searchpatientTest" time="2.251"/>
  <testcase classname="com.HMS.LifeLink.DoctorTest" name="Doctor_updateProfileTest" time="3.444"/>
  <testcase classname="com.HMS.LifeLink.DoctorTest" name="addPatientAndSearchPatientTest" time="7.748"/>
</testsuite> <!-- Test -->
